Build started 14/09/2014 20:33:15.
     1>Project "C:\Users\Windows 7\Documents\GitHub\Pokemon\Projeto C++\PROJETO VS2012\projetos\pokemon\base.vcxproj" on node 2 (Rebuild target(s)).
     1>C:\Program Files (x86)\MSBuild\Microsoft.Cpp\v4.0\V110\Microsoft.CppBuild.targets(346,5): warning MSB8004: Output Directory does not end with a trailing slash.  This build instance will add the slash as it is required to allow proper evaluation of the Output Directory.
     1>ClCompile:
         D:\Visu\VC\bin\CL.exe /c /I../../libUnicornio/SDL2/include /I../../libUnicornio/include /I../../libUnicornio/include/Eventos /I../../libUnicornio/include/Interface /I../../libUnicornio/include/Midia /I../../libUnicornio/include/TileMap /ZI /nologo /W3 /WX- /Od /Oy- /D WIN32 /D _DEBUG /D _WINDOWS /D _UNICODE /D UNICODE /Gm /EHsc /RTC1 /MDd /GS /fp:precise /Zc:wchar_t /Zc:forScope /Fo"Debug\\" /Fd"Debug\vc110.pdb" /Gd /TP /analyze- /errorReport:prompt /I../../libEGL/ Classes\Jogo.cpp Classes\main.cpp Classes\Personagem.cpp Classes\Pessoa.cpp Classes\pokedex.cpp Classes\Pokemon.cpp Classes\PokemonAgua.cpp Classes\PokemonFogo.cpp Classes\PokemonPlanta.cpp Classes\Tela.cpp
         Tela.cpp
         DEBUG UNICORNIO: added libs: sdl2.lib sdl2main.lib sdl2_image.lib sdl2_ttf.lib sdl2_mixer.lib
     1>c:\users\windows 7\documents\github\pokemon\projeto c++\projeto vs2012\libunicornio\include\eventos\eventos.h(58): warning C4305: 'initializing' : truncation from 'double' to 'float'
         PokemonPlanta.cpp
         PokemonFogo.cpp
         PokemonAgua.cpp
         Pokemon.cpp
         pokedex.cpp
         Pessoa.cpp
         DEBUG UNICORNIO: added libs: sdl2.lib sdl2main.lib sdl2_image.lib sdl2_ttf.lib sdl2_mixer.lib
     1>c:\users\windows 7\documents\github\pokemon\projeto c++\projeto vs2012\libunicornio\include\eventos\eventos.h(58): warning C4305: 'initializing' : truncation from 'double' to 'float'
         Personagem.cpp
         DEBUG UNICORNIO: added libs: sdl2.lib sdl2main.lib sdl2_image.lib sdl2_ttf.lib sdl2_mixer.lib
     1>c:\users\windows 7\documents\github\pokemon\projeto c++\projeto vs2012\libunicornio\include\eventos\eventos.h(58): warning C4305: 'initializing' : truncation from 'double' to 'float'
     1>c:\users\windows 7\documents\github\pokemon\projeto c++\projeto vs2012\projetos\pokemon\classes\personagem.cpp(51): warning C4244: 'argument' : conversion from 'float' to 'int', possible loss of data
     1>c:\users\windows 7\documents\github\pokemon\projeto c++\projeto vs2012\projetos\pokemon\classes\personagem.cpp(58): warning C4305: '=' : truncation from 'double' to 'float'
         main.cpp
         DEBUG UNICORNIO: added libs: sdl2.lib sdl2main.lib sdl2_image.lib sdl2_ttf.lib sdl2_mixer.lib
     1>c:\users\windows 7\documents\github\pokemon\projeto c++\projeto vs2012\libunicornio\include\eventos\eventos.h(58): warning C4305: 'initializing' : truncation from 'double' to 'float'
         Jogo.cpp
         DEBUG UNICORNIO: added libs: sdl2.lib sdl2main.lib sdl2_image.lib sdl2_ttf.lib sdl2_mixer.lib
     1>c:\users\windows 7\documents\github\pokemon\projeto c++\projeto vs2012\libunicornio\include\eventos\eventos.h(58): warning C4305: 'initializing' : truncation from 'double' to 'float'
         Generating Code...
       Link:
         D:\Visu\VC\bin\link.exe /ERRORREPORT:PROMPT /OUT:"bin\base.exe" /INCREMENTAL /NOLOGO kernel32.lib user32.lib gdi32.lib winspool.lib comdlg32.lib advapi32.lib shell32.lib ole32.lib oleaut32.lib uuid.lib odbc32.lib odbccp32.lib /MANIFEST /MANIFESTUAC:"level='asInvoker' uiAccess='false'" /manifest:embed /DEBUG /PDB:".\bin\base.pdb" /SUBSYSTEM:WINDOWS /TLBID:1 /DYNAMICBASE /NXCOMPAT /IMPLIB:".\bin\base.lib" /MACHINE:X86 /SAFESEH Debug\Jogo.obj
         Debug\main.obj
         Debug\Personagem.obj
         Debug\Pessoa.obj
         Debug\pokedex.obj
         Debug\Pokemon.obj
         Debug\PokemonAgua.obj
         Debug\PokemonFogo.obj
         Debug\PokemonPlanta.obj
         Debug\Tela.obj
         LINK : bin\base.exe not found or not built by the last incremental link; performing full link
     1>Jogo.obj : warning LNK4075: ignoring '/EDITANDCONTINUE' due to '/SAFESEH' specification
     1>MSVCRTD.lib(cinitexe.obj) : warning LNK4098: defaultlib 'msvcrt.lib' conflicts with use of other libs; use /NODEFAULTLIB:library
     1>libUnicornio_d.lib(Eventos.obj) : warning LNK4099: PDB 'vc110.pdb' was not found with 'libUnicornio_d.lib(Eventos.obj)' or at 'C:\Users\Windows 7\Documents\GitHub\Pokemon\Projeto C++\PROJETO VS2012\projetos\pokemon\bin\vc110.pdb'; linking object as if no debug info
     1>libUnicornio_d.lib(EventosAplicacao.obj) : warning LNK4099: PDB 'vc110.pdb' was not found with 'libUnicornio_d.lib(EventosAplicacao.obj)' or at 'C:\Users\Windows 7\Documents\GitHub\Pokemon\Projeto C++\PROJETO VS2012\projetos\pokemon\bin\vc110.pdb'; linking object as if no debug info
     1>libUnicornio_d.lib(EventosiOS.obj) : warning LNK4099: PDB 'vc110.pdb' was not found with 'libUnicornio_d.lib(EventosiOS.obj)' or at 'C:\Users\Windows 7\Documents\GitHub\Pokemon\Projeto C++\PROJETO VS2012\projetos\pokemon\bin\vc110.pdb'; linking object as if no debug info
     1>libUnicornio_d.lib(EventosJoysticks.obj) : warning LNK4099: PDB 'vc110.pdb' was not found with 'libUnicornio_d.lib(EventosJoysticks.obj)' or at 'C:\Users\Windows 7\Documents\GitHub\Pokemon\Projeto C++\PROJETO VS2012\projetos\pokemon\bin\vc110.pdb'; linking object as if no debug info
     1>libUnicornio_d.lib(EventosMouse.obj) : warning LNK4099: PDB 'vc110.pdb' was not found with 'libUnicornio_d.lib(EventosMouse.obj)' or at 'C:\Users\Windows 7\Documents\GitHub\Pokemon\Projeto C++\PROJETO VS2012\projetos\pokemon\bin\vc110.pdb'; linking object as if no debug info
     1>libUnicornio_d.lib(EventosTeclado.obj) : warning LNK4099: PDB 'vc110.pdb' was not found with 'libUnicornio_d.lib(EventosTeclado.obj)' or at 'C:\Users\Windows 7\Documents\GitHub\Pokemon\Projeto C++\PROJETO VS2012\projetos\pokemon\bin\vc110.pdb'; linking object as if no debug info
     1>libUnicornio_d.lib(EventosToque.obj) : warning LNK4099: PDB 'vc110.pdb' was not found with 'libUnicornio_d.lib(EventosToque.obj)' or at 'C:\Users\Windows 7\Documents\GitHub\Pokemon\Projeto C++\PROJETO VS2012\projetos\pokemon\bin\vc110.pdb'; linking object as if no debug info
     1>libUnicornio_d.lib(GerenciadorDeRecursos.obj) : warning LNK4099: PDB 'vc110.pdb' was not found with 'libUnicornio_d.lib(GerenciadorDeRecursos.obj)' or at 'C:\Users\Windows 7\Documents\GitHub\Pokemon\Projeto C++\PROJETO VS2012\projetos\pokemon\bin\vc110.pdb'; linking object as if no debug info
     1>libUnicornio_d.lib(jsoncpp.obj) : warning LNK4099: PDB 'vc110.pdb' was not found with 'libUnicornio_d.lib(jsoncpp.obj)' or at 'C:\Users\Windows 7\Documents\GitHub\Pokemon\Projeto C++\PROJETO VS2012\projetos\pokemon\bin\vc110.pdb'; linking object as if no debug info
     1>libUnicornio_d.lib(libUnicornio.obj) : warning LNK4099: PDB 'vc110.pdb' was not found with 'libUnicornio_d.lib(libUnicornio.obj)' or at 'C:\Users\Windows 7\Documents\GitHub\Pokemon\Projeto C++\PROJETO VS2012\projetos\pokemon\bin\vc110.pdb'; linking object as if no debug info
     1>libUnicornio_d.lib(Fonte.obj) : warning LNK4099: PDB 'vc110.pdb' was not found with 'libUnicornio_d.lib(Fonte.obj)' or at 'C:\Users\Windows 7\Documents\GitHub\Pokemon\Projeto C++\PROJETO VS2012\projetos\pokemon\bin\vc110.pdb'; linking object as if no debug info
     1>libUnicornio_d.lib(Som.obj) : warning LNK4099: PDB 'vc110.pdb' was not found with 'libUnicornio_d.lib(Som.obj)' or at 'C:\Users\Windows 7\Documents\GitHub\Pokemon\Projeto C++\PROJETO VS2012\projetos\pokemon\bin\vc110.pdb'; linking object as if no debug info
     1>libUnicornio_d.lib(Sprite.obj) : warning LNK4099: PDB 'vc110.pdb' was not found with 'libUnicornio_d.lib(Sprite.obj)' or at 'C:\Users\Windows 7\Documents\GitHub\Pokemon\Projeto C++\PROJETO VS2012\projetos\pokemon\bin\vc110.pdb'; linking object as if no debug info
     1>libUnicornio_d.lib(SpriteSheet.obj) : warning LNK4099: PDB 'vc110.pdb' was not found with 'libUnicornio_d.lib(SpriteSheet.obj)' or at 'C:\Users\Windows 7\Documents\GitHub\Pokemon\Projeto C++\PROJETO VS2012\projetos\pokemon\bin\vc110.pdb'; linking object as if no debug info
     1>libUnicornio_d.lib(Texto.obj) : warning LNK4099: PDB 'vc110.pdb' was not found with 'libUnicornio_d.lib(Texto.obj)' or at 'C:\Users\Windows 7\Documents\GitHub\Pokemon\Projeto C++\PROJETO VS2012\projetos\pokemon\bin\vc110.pdb'; linking object as if no debug info
     1>libUnicornio_d.lib(AStar.obj) : warning LNK4099: PDB 'vc110.pdb' was not found with 'libUnicornio_d.lib(AStar.obj)' or at 'C:\Users\Windows 7\Documents\GitHub\Pokemon\Projeto C++\PROJETO VS2012\projetos\pokemon\bin\vc110.pdb'; linking object as if no debug info
     1>libUnicornio_d.lib(NodoAStar.obj) : warning LNK4099: PDB 'vc110.pdb' was not found with 'libUnicornio_d.lib(NodoAStar.obj)' or at 'C:\Users\Windows 7\Documents\GitHub\Pokemon\Projeto C++\PROJETO VS2012\projetos\pokemon\bin\vc110.pdb'; linking object as if no debug info
     1>libUnicornio_d.lib(ObjetoTile.obj) : warning LNK4099: PDB 'vc110.pdb' was not found with 'libUnicornio_d.lib(ObjetoTile.obj)' or at 'C:\Users\Windows 7\Documents\GitHub\Pokemon\Projeto C++\PROJETO VS2012\projetos\pokemon\bin\vc110.pdb'; linking object as if no debug info
     1>libUnicornio_d.lib(Tile.obj) : warning LNK4099: PDB 'vc110.pdb' was not found with 'libUnicornio_d.lib(Tile.obj)' or at 'C:\Users\Windows 7\Documents\GitHub\Pokemon\Projeto C++\PROJETO VS2012\projetos\pokemon\bin\vc110.pdb'; linking object as if no debug info
     1>libUnicornio_d.lib(TileLayer.obj) : warning LNK4099: PDB 'vc110.pdb' was not found with 'libUnicornio_d.lib(TileLayer.obj)' or at 'C:\Users\Windows 7\Documents\GitHub\Pokemon\Projeto C++\PROJETO VS2012\projetos\pokemon\bin\vc110.pdb'; linking object as if no debug info
     1>libUnicornio_d.lib(TileMap.obj) : warning LNK4099: PDB 'vc110.pdb' was not found with 'libUnicornio_d.lib(TileMap.obj)' or at 'C:\Users\Windows 7\Documents\GitHub\Pokemon\Projeto C++\PROJETO VS2012\projetos\pokemon\bin\vc110.pdb'; linking object as if no debug info
     1>libUnicornio_d.lib(TileSet.obj) : warning LNK4099: PDB 'vc110.pdb' was not found with 'libUnicornio_d.lib(TileSet.obj)' or at 'C:\Users\Windows 7\Documents\GitHub\Pokemon\Projeto C++\PROJETO VS2012\projetos\pokemon\bin\vc110.pdb'; linking object as if no debug info
     1>libUnicornio_d.lib(Vetor2D.obj) : warning LNK4099: PDB 'vc110.pdb' was not found with 'libUnicornio_d.lib(Vetor2D.obj)' or at 'C:\Users\Windows 7\Documents\GitHub\Pokemon\Projeto C++\PROJETO VS2012\projetos\pokemon\bin\vc110.pdb'; linking object as if no debug info
         base.vcxproj -> C:\Users\Windows 7\Documents\GitHub\Pokemon\Projeto C++\PROJETO VS2012\projetos\pokemon\.\bin\base.exe
     1>Done Building Project "C:\Users\Windows 7\Documents\GitHub\Pokemon\Projeto C++\PROJETO VS2012\projetos\pokemon\base.vcxproj" (Rebuild target(s)).

Build succeeded.

Time Elapsed 00:00:08.85
