C:\USERS\WINDOWS 7\DOCUMENTS\GITHUB\POKEMON\PROJETO VS2012\PROJETOS\POKEMON\RELEASE\POKEMONPLANTA.OBJ
C:\USERS\WINDOWS 7\DOCUMENTS\GITHUB\POKEMON\PROJETO VS2012\PROJETOS\POKEMON\RELEASE\POKEMONFOGO.OBJ
C:\USERS\WINDOWS 7\DOCUMENTS\GITHUB\POKEMON\PROJETO VS2012\PROJETOS\POKEMON\RELEASE\POKEMONAGUA.OBJ
C:\USERS\WINDOWS 7\DOCUMENTS\GITHUB\POKEMON\PROJETO VS2012\PROJETOS\POKEMON\RELEASE\POKEMON.OBJ
C:\USERS\WINDOWS 7\DOCUMENTS\GITHUB\POKEMON\PROJETO VS2012\PROJETOS\POKEMON\RELEASE\PESSOA.OBJ
C:\USERS\WINDOWS 7\DOCUMENTS\GITHUB\POKEMON\PROJETO VS2012\PROJETOS\POKEMON\RELEASE\PERSONAGEM.OBJ
C:\USERS\WINDOWS 7\DOCUMENTS\GITHUB\POKEMON\PROJETO VS2012\PROJETOS\POKEMON\RELEASE\MAIN.OBJ
C:\USERS\WINDOWS 7\DOCUMENTS\GITHUB\POKEMON\PROJETO VS2012\PROJETOS\POKEMON\RELEASE\JOGO.OBJ
C:\USERS\WINDOWS 7\DOCUMENTS\GITHUB\POKEMON\PROJETO VS2012\PROJETOS\POKEMON\RELEASE\VC110.PDB
C:\USERS\WINDOWS 7\DOCUMENTS\GITHUB\POKEMON\PROJETO VS2012\PROJETOS\POKEMON\RELEASE\TELA.OBJ
C:\USERS\WINDOWS 7\DOCUMENTS\GITHUB\POKEMON\PROJETO VS2012\PROJETOS\POKEMON\BIN\BASE.EXE
C:\USERS\WINDOWS 7\DOCUMENTS\GITHUB\POKEMON\PROJETO VS2012\PROJETOS\POKEMON\BIN\BASE.PDB
C:\Users\Windows 7\Documents\GitHub\Pokemon\PROJETO VS2012\projetos\Pokemon\Release\Jogo.obj
C:\Users\Windows 7\Documents\GitHub\Pokemon\PROJETO VS2012\projetos\Pokemon\Release\main.obj
C:\Users\Windows 7\Documents\GitHub\Pokemon\PROJETO VS2012\projetos\Pokemon\Release\Personagem.obj
C:\Users\Windows 7\Documents\GitHub\Pokemon\PROJETO VS2012\projetos\Pokemon\Release\Pessoa.obj
C:\Users\Windows 7\Documents\GitHub\Pokemon\PROJETO VS2012\projetos\Pokemon\Release\Pokemon.obj
C:\Users\Windows 7\Documents\GitHub\Pokemon\PROJETO VS2012\projetos\Pokemon\Release\PokemonAgua.obj
C:\Users\Windows 7\Documents\GitHub\Pokemon\PROJETO VS2012\projetos\Pokemon\Release\PokemonFogo.obj
C:\Users\Windows 7\Documents\GitHub\Pokemon\PROJETO VS2012\projetos\Pokemon\Release\PokemonPlanta.obj
C:\Users\Windows 7\Documents\GitHub\Pokemon\PROJETO VS2012\projetos\Pokemon\Release\Tela.obj
C:\Users\Windows 7\Documents\GitHub\Pokemon\PROJETO VS2012\projetos\Pokemon\Release\cl.command.1.tlog
C:\Users\Windows 7\Documents\GitHub\Pokemon\PROJETO VS2012\projetos\Pokemon\Release\CL.read.1.tlog
C:\Users\Windows 7\Documents\GitHub\Pokemon\PROJETO VS2012\projetos\Pokemon\Release\CL.write.1.tlog
C:\Users\Windows 7\Documents\GitHub\Pokemon\PROJETO VS2012\projetos\Pokemon\Release\link-cvtres.read.1.tlog
C:\Users\Windows 7\Documents\GitHub\Pokemon\PROJETO VS2012\projetos\Pokemon\Release\link-cvtres.write.1.tlog
C:\Users\Windows 7\Documents\GitHub\Pokemon\PROJETO VS2012\projetos\Pokemon\Release\link-rc.read.1.tlog
C:\Users\Windows 7\Documents\GitHub\Pokemon\PROJETO VS2012\projetos\Pokemon\Release\link-rc.write.1.tlog
C:\Users\Windows 7\Documents\GitHub\Pokemon\PROJETO VS2012\projetos\Pokemon\Release\link.command.1.tlog
C:\Users\Windows 7\Documents\GitHub\Pokemon\PROJETO VS2012\projetos\Pokemon\Release\link.read.1.tlog
C:\Users\Windows 7\Documents\GitHub\Pokemon\PROJETO VS2012\projetos\Pokemon\Release\link.write.1.tlog
C:\Users\Windows 7\Documents\GitHub\Pokemon\PROJETO VS2012\projetos\Pokemon\Release\vc110.pdb
C:\Users\Windows 7\Documents\GitHub\Pokemon\PROJETO VS2012\projetos\Pokemon\.\bin\base.exe
